<?xml version="1.0" encoding="UTF-8"?>
<!-- Generated by org.testng.reporters.JUnitXMLReporter -->
<testsuite hostname="DESKTOP-4SC5RBR" ignored="4" name="XYZ BANK" tests="10" failures="3" timestamp="2020-05-28T22:09:27 IST" time="26.812" errors="0">
  <testcase name="Create_New_Customer" time="2.421" classname="com.infy.practice.testcases.CreateDeleteCustFunctionality"/>
  <testcase name="Verify_Newly_Created_Customer_In_Customer_Table" time="1.332" classname="com.infy.practice.testcases.CreateDeleteCustFunctionality">
    <failure type="java.lang.AssertionError" message="expected [560101] but found [560100]">
      <![CDATA[java.lang.AssertionError: expected [560101] but found [560100]
at com.infy.practice.pageobjects.CustomersTable.verifyNewCustomerPresentInsideCustomerTable(CustomersTable.java:48)
at com.infy.practice.testcases.CreateDeleteCustFunctionality.Verify_Newly_Created_Customer_In_Customer_Table(CreateDeleteCustFunctionality.java:40)
at java.util.ArrayList.forEach(ArrayList.java:1249)
... Removed 31 stack frames]]>
    </failure>
  </testcase> <!-- Verify_Newly_Created_Customer_In_Customer_Table -->
  <testcase name="Delete_Newly_Created_Customer" time="1.867" classname="com.infy.practice.testcases.CreateDeleteCustFunctionality">
    <failure type="org.openqa.selenium.ElementClickInterceptedException" message="element click intercepted: Element &amp;lt;button ng-click=&amp;quot;deleteCust(cust)&amp;quot;&amp;gt;...&amp;lt;/button&amp;gt; is not clickable at point (552, 496). Other element would receive the click: &amp;lt;iframe frameborder=&amp;quot;0&amp;quot; style=&amp;quot;background-color: transparent; vertical-align: text-bottom; position: relative; width: 100%; height: 100%; min-width: 100%; min-height: 100%; max-width: 100%; max-height: 100%; margin: 0px; overflow: hidden; display: block;&amp;quot; src=&amp;quot;about:blank&amp;quot; data-test-id=&amp;quot;ChatWidgetWindow-iframe&amp;quot; title=&amp;quot;Zendesk Chat widget window&amp;quot;&amp;gt;&amp;lt;/iframe&amp;gt;
  (Session info: headless chrome=83.0.4103.61)
Build info: version: &amp;apos;3.141.59&amp;apos;, revision: &amp;apos;e82be7d358&amp;apos;, time: &amp;apos;2018-11-14T08:17:03&amp;apos;
System info: host: &amp;apos;DESKTOP-4SC5RBR&amp;apos;, ip: &amp;apos;192.168.1.4&amp;apos;, os.name: &amp;apos;Windows 10&amp;apos;, os.arch: &amp;apos;amd64&amp;apos;, os.version: &amp;apos;10.0&amp;apos;, java.version: &amp;apos;1.8.0_92&amp;apos;
Driver info: org.openqa.selenium.chrome.ChromeDriver
Capabilities {acceptInsecureCerts: false, browserName: chrome, browserVersion: 83.0.4103.61, chrome: {chromedriverVersion: 83.0.4103.14 (be04594a2b841..., userDataDir: C:\Users\sayan\AppData\Loca...}, goog:chromeOptions: {debuggerAddress: localhost:56108}, javascriptEnabled: true, networkConnectionEnabled: false, pageLoadStrategy: normal, platform: WINDOWS, platformName: WINDOWS, proxy: Proxy(), setWindowRect: true, strictFileInteractability: false, timeouts: {implicit: 0, pageLoad: 300000, script: 30000}, unhandledPromptBehavior: dismiss and notify, webauthn:virtualAuthenticators: true}
Session ID: f46a0f8b39483ffa17a289f9333ad462">
      <![CDATA[org.openqa.selenium.ElementClickInterceptedException: element click intercepted: Element <button ng-click="deleteCust(cust)">...</button> is not clickable at point (552, 496). Other element would receive the click: <iframe frameborder="0" style="background-color: transparent; vertical-align: text-bottom; position: relative; width: 100%; height: 100%; min-width: 100%; min-height: 100%; max-width: 100%; max-height: 100%; margin: 0px; overflow: hidden; display: block;" src="about:blank" data-test-id="ChatWidgetWindow-iframe" title="Zendesk Chat widget window"></iframe>
  (Session info: headless chrome=83.0.4103.61)
Build info: version: '3.141.59', revision: 'e82be7d358', time: '2018-11-14T08:17:03'
System info: host: 'DESKTOP-4SC5RBR', ip: '192.168.1.4', os.name: 'Windows 10', os.arch: 'amd64', os.version: '10.0', java.version: '1.8.0_92'
Driver info: org.openqa.selenium.chrome.ChromeDriver
Capabilities {acceptInsecureCerts: false, browserName: chrome, browserVersion: 83.0.4103.61, chrome: {chromedriverVersion: 83.0.4103.14 (be04594a2b841..., userDataDir: C:\Users\sayan\AppData\Loca...}, goog:chromeOptions: {debuggerAddress: localhost:56108}, javascriptEnabled: true, networkConnectionEnabled: false, pageLoadStrategy: normal, platform: WINDOWS, platformName: WINDOWS, proxy: Proxy(), setWindowRect: true, strictFileInteractability: false, timeouts: {implicit: 0, pageLoad: 300000, script: 30000}, unhandledPromptBehavior: dismiss and notify, webauthn:virtualAuthenticators: true}
Session ID: f46a0f8b39483ffa17a289f9333ad462
at org.openqa.selenium.remote.http.W3CHttpResponseCodec.createException(W3CHttpResponseCodec.java:187)
at org.openqa.selenium.remote.http.W3CHttpResponseCodec.decode(W3CHttpResponseCodec.java:122)
at org.openqa.selenium.remote.http.W3CHttpResponseCodec.decode(W3CHttpResponseCodec.java:49)
at org.openqa.selenium.remote.HttpCommandExecutor.execute(HttpCommandExecutor.java:158)
at org.openqa.selenium.remote.service.DriverCommandExecutor.execute(DriverCommandExecutor.java:83)
at org.openqa.selenium.remote.RemoteWebDriver.execute(RemoteWebDriver.java:552)
at org.openqa.selenium.remote.RemoteWebElement.execute(RemoteWebElement.java:285)
at org.openqa.selenium.remote.RemoteWebElement.click(RemoteWebElement.java:84)
at com.infy.practice.pageobjects.CustomersTable.deleteCustomerAndVerify(CustomersTable.java:83)
at com.infy.practice.testcases.CreateDeleteCustFunctionality.Delete_Newly_Created_Customer(CreateDeleteCustFunctionality.java:48)
at java.util.ArrayList.forEach(ArrayList.java:1249)
... Removed 30 stack frames]]>
    </failure>
  </testcase> <!-- Delete_Newly_Created_Customer -->
  <testcase name="Create_New_Customer_Open_A_Dollar_Account_And_Verify" time="2.917" classname="com.infy.practice.testcases.OpenAccountFunctionality"/>
  <testcase name="Create_New_Customer_Open_A_Pound_Account_And_Verify" time="2.793" classname="com.infy.practice.testcases.OpenAccountFunctionality"/>
  <testcase name="Create_New_Customer_Open_A_Rupee_Account_And_Verify" time="0.037" classname="com.infy.practice.testcases.OpenAccountFunctionality">
    <skipped/>
  </testcase> <!-- Create_New_Customer_Open_A_Rupee_Account_And_Verify -->
  <testcase name="Verify_Initial_Account_Balance" time="0.992" classname="com.infy.practice.testcases.DepositWithdrawFunctionality"/>
  <testcase name="Deposit_Amount_And_Verify" time="0.604" classname="com.infy.practice.testcases.DepositWithdrawFunctionality"/>
  <testcase name="Withdraw_Amount_And_Verify" time="0.636" classname="com.infy.practice.testcases.DepositWithdrawFunctionality"/>
  <testcase name="Withdraw_Amount_More_Than_Balance" time="10.597" classname="com.infy.practice.testcases.DepositWithdrawFunctionality">
    <failure type="java.lang.AssertionError" message="expected [500] but found [600]">
      <![CDATA[java.lang.AssertionError: expected [500] but found [600]
at com.infy.practice.pageobjects.UserHomePage.verifyAmountAfterWithdrawFailure(UserHomePage.java:135)
at com.infy.practice.testcases.DepositWithdrawFunctionality.Withdraw_Amount_More_Than_Balance(DepositWithdrawFunctionality.java:51)
at java.util.ArrayList.forEach(ArrayList.java:1249)
... Removed 31 stack frames]]>
    </failure>
  </testcase> <!-- Withdraw_Amount_More_Than_Balance -->
  <testcase name="@BeforeSuite setUp" time="0.0" classname="com.infy.practice.base.TestBase">
    <ignored/>
  </testcase> <!-- @BeforeSuite setUp -->
  <testcase name="@BeforeSuite setUp" time="0.0" classname="com.infy.practice.base.TestBase">
    <ignored/>
  </testcase> <!-- @BeforeSuite setUp -->
  <testcase name="@AfterSuite tearDown" time="0.0" classname="com.infy.practice.base.TestBase">
    <ignored/>
  </testcase> <!-- @AfterSuite tearDown -->
  <testcase name="@AfterSuite tearDown" time="0.0" classname="com.infy.practice.base.TestBase">
    <ignored/>
  </testcase> <!-- @AfterSuite tearDown -->
</testsuite> <!-- XYZ BANK -->
